0 info it worked if it ends with ok
1 verbose cli [ 'node', '/usr/local/bin/npm', 'run', 'build' ]
2 info using npm@2.7.4
3 info using node@v0.12.2
4 verbose run-script [ 'prebuild', 'build', 'postbuild' ]
5 info prebuild app1@0.0.1
6 info build app1@0.0.1
7 verbose unsafe-perm in lifecycle true
8 info app1@0.0.1 Failed to exec build script
9 verbose stack Error: app1@0.0.1 build: `node webpack -w`
9 verbose stack Exit status 1
9 verbose stack     at EventEmitter.<anonymous> (/usr/local/lib/node_modules/npm/lib/utils/lifecycle.js:213:16)
9 verbose stack     at EventEmitter.emit (events.js:110:17)
9 verbose stack     at ChildProcess.<anonymous> (/usr/local/lib/node_modules/npm/lib/utils/spawn.js:14:12)
9 verbose stack     at ChildProcess.emit (events.js:110:17)
9 verbose stack     at maybeClose (child_process.js:1015:16)
9 verbose stack     at Process.ChildProcess._handle.onexit (child_process.js:1087:5)
10 verbose pkgid app1@0.0.1
11 verbose cwd /Users/ferso/Sites/react/app1
12 error Darwin 15.5.0
13 error argv "node" "/usr/local/bin/npm" "run" "build"
14 error node v0.12.2
15 error npm  v2.7.4
16 error code ELIFECYCLE
17 error app1@0.0.1 build: `node webpack -w`
17 error Exit status 1
18 error Failed at the app1@0.0.1 build script 'node webpack -w'.
18 error This is most likely a problem with the app1 package,
18 error not with npm itself.
18 error Tell the author that this fails on your system:
18 error     node webpack -w
18 error You can get their info via:
18 error     npm owner ls app1
18 error There is likely additional logging output above.
19 verbose exit [ 1, true ]
